04/18/2024 04:03:49 PM: INFO: **********test_title_verification started**********
04/18/2024 04:03:52 PM: INFO: **********test_title_verification Passed**********
04/18/2024 04:03:52 PM: INFO: **********test_valid_admin_login Started**********
04/18/2024 04:03:59 PM: INFO: **********test_valid_admin_login Passed**********
04/18/2024 04:03:59 PM: INFO: **********test_invalid_admin_login Started**********
04/18/2024 04:04:04 PM: INFO: **********test_invalid_admin_login Passed**********
04/19/2024 12:38:20 PM: INFO: **********test_title_verification started**********
04/19/2024 12:38:23 PM: INFO: **********test_title_verification Passed**********
04/19/2024 12:38:23 PM: INFO: **********test_valid_admin_login Started**********
04/19/2024 12:38:29 PM: INFO: **********test_valid_admin_login Passed**********
04/19/2024 12:38:29 PM: INFO: **********test_invalid_admin_login Started**********
04/19/2024 12:38:33 PM: INFO: **********test_invalid_admin_login Passed**********
04/19/2024 12:39:26 PM: INFO: **********test_title_verification started**********
04/19/2024 12:39:29 PM: INFO: **********test_title_verification Passed**********
04/19/2024 12:39:29 PM: INFO: **********test_valid_admin_login Started**********
04/19/2024 12:39:35 PM: INFO: **********test_valid_admin_login Passed**********
04/19/2024 12:39:35 PM: INFO: **********test_invalid_admin_login Started**********
04/19/2024 12:39:38 PM: INFO: **********test_invalid_admin_login Passed**********
04/19/2024 12:41:17 PM: INFO: **********test_title_verification started**********
04/19/2024 12:41:20 PM: INFO: **********test_title_verification Passed**********
04/19/2024 12:41:20 PM: INFO: **********test_valid_admin_login Started**********
04/19/2024 12:41:27 PM: INFO: **********test_valid_admin_login Passed**********
04/19/2024 12:41:27 PM: INFO: **********test_invalid_admin_login Started**********
04/19/2024 12:41:31 PM: INFO: **********test_invalid_admin_login Passed**********
04/19/2024 12:47:04 PM: INFO: **********test_title_verification started**********
04/19/2024 12:47:07 PM: INFO: **********test_title_verification Passed**********
04/19/2024 12:47:07 PM: INFO: **********test_valid_admin_login Started**********
04/19/2024 12:47:13 PM: INFO: **********test_valid_admin_login Passed**********
04/19/2024 12:47:13 PM: INFO: **********test_invalid_admin_login Started**********
04/19/2024 12:47:18 PM: INFO: **********test_invalid_admin_login Passed**********
04/19/2024 12:51:47 PM: INFO: **********test_title_verification started**********
04/19/2024 12:51:50 PM: INFO: **********test_title_verification Passed**********
04/19/2024 12:51:50 PM: INFO: **********test_valid_admin_login Started**********
04/19/2024 12:51:57 PM: INFO: **********test_valid_admin_login Passed**********
04/19/2024 12:51:57 PM: INFO: **********test_invalid_admin_login Started**********
04/19/2024 12:52:02 PM: INFO: **********test_invalid_admin_login Passed**********
04/19/2024 01:19:36 PM: INFO: **********test_valid_admin_login Started**********
04/19/2024 01:19:36 PM: INFO: **********test_invalid_admin_login Started**********
04/19/2024 01:19:36 PM: INFO: **********test_title_verification started**********
04/19/2024 01:19:41 PM: INFO: **********test_title_verification Passed**********
04/19/2024 01:19:42 PM: INFO: **********test_invalid_admin_login Passed**********
04/19/2024 01:19:44 PM: INFO: **********test_valid_admin_login Passed**********
04/19/2024 01:27:00 PM: INFO: **********test_title_verification started**********
04/19/2024 01:27:03 PM: INFO: **********test_title_verification Passed**********
04/19/2024 01:27:04 PM: INFO: **********test_valid_admin_login Started**********
04/19/2024 01:27:11 PM: INFO: **********test_valid_admin_login Passed**********
04/19/2024 01:27:11 PM: INFO: **********test_invalid_admin_login Started**********
04/19/2024 01:27:16 PM: INFO: **********test_invalid_admin_login Passed**********
04/19/2024 01:43:15 PM: INFO: **********test_title_verification started**********
04/19/2024 01:43:18 PM: INFO: **********test_title_verification Passed**********
04/19/2024 01:43:18 PM: INFO: **********test_valid_admin_login Started**********
04/19/2024 01:43:25 PM: INFO: **********test_valid_admin_login Passed**********
04/19/2024 01:43:25 PM: INFO: **********test_invalid_admin_login Started**********
04/19/2024 01:43:29 PM: INFO: **********test_invalid_admin_login Passed**********
04/19/2024 01:56:30 PM: INFO: **********test_title_verification started**********
04/19/2024 01:56:33 PM: INFO: **********test_title_verification Passed**********
04/19/2024 01:56:33 PM: INFO: **********test_valid_admin_login Started**********
04/19/2024 01:56:39 PM: INFO: **********test_valid_admin_login Passed**********
04/19/2024 01:56:39 PM: INFO: **********test_invalid_admin_login Started**********
04/19/2024 01:56:42 PM: INFO: **********test_invalid_admin_login Passed**********
04/22/2024 11:47:26 AM: INFO: **********test_title_verification started**********
04/22/2024 11:47:31 AM: INFO: **********test_title_verification Passed**********
04/22/2024 11:47:31 AM: INFO: **********test_valid_admin_login Started**********
04/22/2024 11:47:38 AM: INFO: **********test_valid_admin_login Passed**********
04/22/2024 11:47:39 AM: INFO: **********test_invalid_admin_login Started**********
04/22/2024 11:47:43 AM: INFO: **********test_invalid_admin_login Passed**********
05/01/2024 10:59:12 AM: INFO: **********test_title_verification started**********
05/01/2024 10:59:17 AM: INFO: **********test_title_verification Passed**********
05/01/2024 10:59:17 AM: INFO: **********test_valid_admin_login Started**********
05/01/2024 10:59:24 AM: INFO: **********test_valid_admin_login Passed**********
05/01/2024 10:59:24 AM: INFO: **********test_invalid_admin_login Started**********
05/01/2024 10:59:28 AM: INFO: **********test_invalid_admin_login Passed**********
05/01/2024 03:39:41 PM: INFO: **********test_title_verification started**********
05/01/2024 03:39:42 PM: INFO: **********test_title_verification Passed**********
05/01/2024 03:39:46 PM: INFO: **********test_valid_admin_login Started**********
05/01/2024 03:39:50 PM: INFO: **********test_valid_admin_login Passed**********
05/01/2024 03:39:54 PM: INFO: **********test_invalid_admin_login Started**********
05/01/2024 03:39:56 PM: INFO: **********test_invalid_admin_login Passed**********
05/01/2024 04:03:39 PM: INFO: **********test_title_verification started**********
05/01/2024 04:03:40 PM: INFO: **********test_title_verification Passed**********
05/01/2024 04:03:48 PM: INFO: **********test_valid_admin_login Started**********
05/01/2024 04:03:53 PM: INFO: **********test_valid_admin_login Passed**********
05/01/2024 04:04:01 PM: INFO: **********test_invalid_admin_login Started**********
05/01/2024 04:04:04 PM: INFO: **********test_invalid_admin_login Passed**********
05/01/2024 04:05:02 PM: INFO: **********test_valid_admin_login Started**********
05/01/2024 04:05:04 PM: INFO: **********test_title_verification started**********
05/01/2024 04:05:05 PM: INFO: **********test_invalid_admin_login Started**********
05/01/2024 04:05:06 PM: INFO: **********test_title_verification Passed**********
05/01/2024 04:05:08 PM: INFO: **********test_invalid_admin_login Passed**********
05/01/2024 04:05:08 PM: INFO: **********test_valid_admin_login Passed**********
05/01/2024 04:30:51 PM: INFO: **********test_title_verification started**********
05/01/2024 04:30:52 PM: INFO: **********test_title_verification Passed**********
05/01/2024 04:30:54 PM: INFO: **********test_valid_admin_login Started**********
05/01/2024 04:31:02 PM: INFO: **********test_valid_admin_login Passed**********
05/01/2024 04:31:04 PM: INFO: **********test_invalid_admin_login Started**********
05/01/2024 04:31:06 PM: INFO: **********test_invalid_admin_login Passed**********
05/03/2024 02:40:35 PM: INFO: **********test_title_verification started**********
05/03/2024 02:40:36 PM: INFO: **********test_title_verification Passed**********
05/03/2024 02:40:38 PM: INFO: **********test_valid_admin_login Started**********
05/03/2024 02:40:43 PM: INFO: **********test_valid_admin_login Passed**********
05/03/2024 02:40:45 PM: INFO: **********test_invalid_admin_login Started**********
05/03/2024 02:40:47 PM: INFO: **********test_invalid_admin_login Passed**********
05/03/2024 02:40:48 PM: INFO: **********test_valid_admin_login_data_driven Started**********
05/03/2024 02:40:53 PM: INFO: **********test_valid_admin_login Passed**********
05/03/2024 03:35:48 PM: INFO: **********test_title_verification started**********
05/03/2024 03:35:49 PM: INFO: **********test_title_verification Passed**********
05/03/2024 03:35:51 PM: INFO: **********test_valid_admin_login Started**********
05/03/2024 03:35:56 PM: INFO: **********test_valid_admin_login Passed**********
05/03/2024 03:35:57 PM: INFO: **********test_invalid_admin_login Started**********
05/03/2024 03:36:03 PM: INFO: **********test_invalid_admin_login Passed**********
05/03/2024 03:36:05 PM: INFO: **********test_valid_admin_login_data_driven Started**********
05/03/2024 03:36:09 PM: INFO: **********test_valid_admin_login Passed**********
05/03/2024 03:36:39 PM: INFO: **********test_title_verification started**********
05/03/2024 03:36:40 PM: INFO: **********test_title_verification Passed**********
05/03/2024 03:36:43 PM: INFO: **********test_valid_admin_login Started**********
05/03/2024 03:36:49 PM: INFO: **********test_valid_admin_login Passed**********
05/03/2024 03:36:53 PM: INFO: **********test_invalid_admin_login Started**********
05/03/2024 03:36:55 PM: INFO: **********test_invalid_admin_login Passed**********
05/03/2024 03:36:58 PM: INFO: **********test_valid_admin_login_data_driven Started**********
05/03/2024 03:37:02 PM: INFO: **********test_valid_admin_login Passed**********
05/07/2024 01:10:47 PM: INFO: **********test_valid_admin_login_data_driven Started**********
05/07/2024 01:10:57 PM: INFO: ***Test Data Is Passed***
05/07/2024 01:11:10 PM: INFO: ***Data Driven Testing Is Passed***
05/07/2024 01:28:45 PM: INFO: **********test_valid_admin_login_data_driven Started**********
05/07/2024 01:28:53 PM: INFO: ***Test Data Is Passed***
05/07/2024 01:29:01 PM: INFO: ***Test Data Is Passed***
05/07/2024 01:29:06 PM: INFO: ***Test Data Is Passed***
05/07/2024 01:29:06 PM: INFO: ***Data Driven Testing Is Passed***
05/07/2024 02:05:58 PM: INFO: **********test_valid_admin_login_data_driven Started**********
05/07/2024 02:06:06 PM: INFO: ***Test Data Is Passed***
05/07/2024 02:06:14 PM: INFO: ***Test Data Is Passed***
05/07/2024 02:06:19 PM: INFO: ***Test Data Is Passed***
05/07/2024 02:06:19 PM: INFO: ***Data Driven Testing Is Passed***
05/07/2024 04:25:14 PM: INFO: **********test_valid_admin_login_data_driven Started**********
05/07/2024 04:25:23 PM: INFO: ***Test Data Is Passed***
05/07/2024 04:25:30 PM: INFO: ***Test Data Is Passed***
05/07/2024 04:25:36 PM: INFO: ***Test Data Is Passed***
05/07/2024 04:25:36 PM: INFO: ***Data Driven Testing Is Passed***
05/07/2024 04:35:55 PM: INFO: **********test_valid_admin_login_data_driven Started**********
05/07/2024 04:36:04 PM: INFO: ***Test Data Is Passed***
05/07/2024 04:36:11 PM: INFO: ***Test Data Is Passed***
05/07/2024 04:36:17 PM: INFO: ***Test Data Is Passed***
05/07/2024 04:36:17 PM: INFO: ***Data Driven Testing Is Passed***
05/07/2024 04:39:25 PM: INFO: **********test_valid_admin_login_data_driven Started**********
05/07/2024 04:39:35 PM: INFO: ***Test Data Is Passed***
05/07/2024 04:39:42 PM: INFO: ***Test Data Is Passed***
05/07/2024 04:39:47 PM: INFO: ***Test Data Is Passed***
05/07/2024 04:39:47 PM: INFO: ***Data Driven Testing Is Passed***
